<?xml version="1.0" encoding="UTF-8"?>
<!-- Generated by org.testng.reporters.JUnitReportReporter -->
<testsuite skipped="0" hostname="VMTMJ-WVD1-3" name="com.techmojo.web.automation.test.cases.BeneficiaryTest" tests="2" failures="0" timestamp="11 Sep 2020 09:09:25 GMT" time="82.844" errors="0">
  <testcase name="testBeneficiary" time="42.413" classname="com.techmojo.web.automation.test.cases.BeneficiaryTest"/>
  <testcase name="testBeneficiary" time="40.431" classname="com.techmojo.web.automation.test.cases.BeneficiaryTest"/>
</testsuite> <!-- com.techmojo.web.automation.test.cases.BeneficiaryTest -->
