<?xml version="1.0" encoding="UTF-8"?>
<!-- Generated by org.testng.reporters.JUnitReportReporter -->
<testsuite skipped="0" hostname="VMTMJ-WVD1-0" name="com.techmojo.web.automation.testcases.TestClass" tests="1" failures="0" timestamp="10 Sep 2020 08:37:16 GMT" time="6.364" errors="0">
  <testcase name="testDriver" time="6.364" classname="com.techmojo.web.automation.testcases.TestClass"/>
</testsuite> <!-- com.techmojo.web.automation.testcases.TestClass -->
