<?xml version="1.0" encoding="UTF-8"?>
<!-- Generated by org.testng.reporters.JUnitReportReporter -->
<testsuite skipped="0" hostname="VMTMJ-WVD1-3" name="com.techmojo.web.automation.test.cases.StandardPaymentTest" tests="1" failures="0" timestamp="11 Sep 2020 06:43:28 GMT" time="35.453" errors="0">
  <testcase name="doStandardPayment" time="35.453" classname="com.techmojo.web.automation.test.cases.StandardPaymentTest"/>
</testsuite> <!-- com.techmojo.web.automation.test.cases.StandardPaymentTest -->
